  Source.cpp
h:\documents\year3\terrain\tessellationcw\terrain\terrain\src\source.cpp(111): warning C4244: 'initializing': conversion from 'double' to 'float', possible loss of data
h:\documents\year3\terrain\tessellationcw\terrain\terrain\src\source.cpp(136): warning C4244: '=': conversion from 'double' to 'T', possible loss of data
          with
          [
              T=float
          ]
h:\documents\year3\terrain\tessellationcw\terrain\terrain\src\source.cpp(137): warning C4244: '=': conversion from 'double' to 'T', possible loss of data
          with
          [
              T=float
          ]
h:\documents\year3\terrain\tessellationcw\terrain\terrain\src\source.cpp(138): warning C4244: '=': conversion from 'double' to 'T', possible loss of data
          with
          [
              T=float
          ]
h:\documents\year3\terrain\tessellationcw\terrain\terrain\src\source.cpp(204): warning C4244: '=': conversion from 'double' to 'float', possible loss of data
h:\documents\year3\terrain\tessellationcw\terrain\terrain\src\source.cpp(205): warning C4244: '=': conversion from 'double' to 'float', possible loss of data
h:\documents\year3\terrain\tessellationcw\terrain\terrain\src\source.cpp(209): warning C4244: 'initializing': conversion from 'double' to 'float', possible loss of data
h:\documents\year3\terrain\tessellationcw\terrain\terrain\src\source.cpp(210): warning C4244: 'initializing': conversion from 'double' to 'float', possible loss of data
h:\documents\year3\terrain\tessellationcw\terrain\terrain\src\source.cpp(212): warning C4244: '=': conversion from 'double' to 'float', possible loss of data
h:\documents\year3\terrain\tessellationcw\terrain\terrain\src\source.cpp(213): warning C4244: '=': conversion from 'double' to 'float', possible loss of data
h:\documents\year3\terrain\tessellationcw\terrain\terrain\src\source.cpp(226): warning C4244: 'argument': conversion from 'double' to 'float', possible loss of data
  Terrain.vcxproj -> H:\Documents\Year3\terrain\tessellationCW\Terrain\Debug\Terrain.exe
